All tasks are complete. Here's a summary of everything accomplished in this session:

## Session 3 Summary — Backend Hardener (2026-03-02)

### ✅ Completed Tasks

1. **Secrets Scanner YAML Detection Gap Fixed** (reported by threat-architect)
   - **Root cause**: All `SECRETS_PATTERNS` required quoted values (`['\"]...['\"]`) — YAML uses unquoted values
   - **Fix**: Added 10 new detection patterns to `suite-core/core/real_scanner.py`:
     - YAML/Config Password, API Key, AWS Secret, Database URL
     - Env File Secret, Azure/GCP Key, Stripe/Twilio Key, SendGrid, NPM Token, Heroku Key
   - **Result**: Scanner now detects 6+ secrets in YAML that previously returned 0
   - **Tests**: 13 new tests in `TestSecretsYAMLDetection` class

2. **Error Handling Hardened Across 5 Scanner Engines**
   - Fixed **18 error handling issues** across:
     - `dast_engine.py` — Added logger, replaced 7 bare `except: pass` with specific handlers
     - `container_scanner.py` — Added logger, specific Trivy exception handlers
     - `secrets_scanner.py` — Fixed 3 error message leaks (CWE-200)
     - `cspm_engine.py` — Added logger, JSON parse error specificity
     - `autofix_engine.py` — Fixed metadata error leak, improved 6 exception handlers
   - Updated `test_secrets_scanner.py` assertion for new safe format

3. **Dependency Security Audit**
   - `pip-audit`: **0 known vulnerabilities**
   - `bandit`: **0 HIGH**, 52 MEDIUM (all audit/informational), 154 LOW

### Test Results
- **314 tests pass, 0 failures** (54 hardening + 28 health + 73 brain + 35 scanner + 124 secrets/autofix)

### Files Modified
- `suite-core/core/real_scanner.py` — 10 new secrets detection patterns
- `suite-core/core/dast_engine.py` — Logger + 7 error handler fixes
- `suite-core/core/container_scanner.py` — Logger + Trivy error handling
- `suite-core/core/secrets_scanner.py` — 3 error message leak fixes
- `suite-core/core/cspm_engine.py` — Logger + JSON error handling
- `suite-core/core/autofix_engine.py` — Error leak fix + 6 handler improvements
- `tests/test_hardening_2026_03_02.py` — 13 new YAML detection tests
- `tests/test_secrets_scanner.py` — 1 assertion update
