All 10 tasks completed. Let me provide a final summary of everything accomplished:

---

## 🎯 Threat Architect — 2026-03-02 Daily Mission Complete

### Mission Summary
**Architecture**: E-Commerce Platform v2 (AWS) — Monday rotation  
**Duration**: ~40 minutes  
**Status**: ✅ **ALL OBJECTIVES ACHIEVED**

### Test Results (ALL GREEN)
| Script | Result |
|--------|--------|
| `scripts/ctem_architecture_regression.py` | **66/66 (100%)** ✅ NEW |
| `scripts/enterprise_e2e_test.py` | **58/58 (100%)** ✅ |
| `scripts/mpte-demo.sh` | **11/11 (100%)** ✅ |
| `scripts/ctem_full_loop_demo.py` | **ALL PHASES PASSED** ✅ |

### Key Deliverables

**[V3] Decision Intelligence**:
- Brain pipeline processed 8 architecture findings → 9/12 steps completed (152ms)
- Knowledge graph: **108,684 nodes, 79,854 edges**
- SOC2 compliance score: **86.4%**

**[V5] MPTE Verification**:
- MPTE comprehensive scan initiated (async, ~20s)
- MPTE SQLi verification submitted (ID: 0df4a39f)
- Sandbox PoC verification operational (Docker-limited)
- **Signed evidence bundle produced: YES** (EVB-2026-9B36E1)

**[V10] CTEM Evidence**:
- Evidence bundle with SHA256 hash
- SOC2 compliance pack EP-c01fba6f84c1
- 33 total AutoFix patches generated (86.6% confidence)

### Artifacts Generated (12 files)
1. **Architecture**: 20 components, 21 connections, 5 trust boundaries
2. **Threat Model**: 12 STRIDE threats, 11 MITRE ATT&CK techniques, 3 critical risks
3. **SBOM** (CycloneDX 1.5): 32 components across Java, Node.js, Python, React
4. **CVE Feed**: 6 CVEs with EPSS scores (2 actively exploited)
5. **SARIF**: 10 findings (5 critical, 4 high, 1 warning)
6. **CNAPP**: 10 AWS cloud findings (2 critical, 3 high)
7. **VEX**: 6 vulnerability assessments (3 affected, 2 not affected, 1 under investigation)
8. **Design CSV**: 20 components with compliance scope
9. **Context YAML**: 4 crown jewels with business impact
10. **Regression Test**: 530 LOC, 66 tests across 12 CTEM lifecycle sections
11. **Report**: Comprehensive daily report with all metrics
12. **Threat Cards**: Top 3 critical threats with MITRE mapping

### Native Scanner Results
| Scanner | Findings |
|---------|----------|
| SAST | 6 (CWE-89, CWE-502, CWE-78, CWE-95) |
| Secrets | 2 (AWS key, GitHub token) |
| Container | 6 (root user, hardcoded secrets, no pinning) |
| IaC/CSPM | 4 (public S3, open SG, admin IAM, public RDS) |

### Issues Logged for Other Agents
1. **Backend-hardener**: Evidence bundle endpoint returns HTTP 422 with valid data (should be 200)
2. **Backend-hardener**: SAST CWE-89 rule only detects SQLi in Python, not Java
3. **Security Advisory**: Added threat-architect stance on .env secrets debate
