All tasks complete. Here's my **Run 4 summary**:

## Marketing Head — Sprint 2, Day 2 Execution Report

### Mission: Enterprise Demo Preparation (March 6 — 4 days away)

**LOC Verification**: All 18 key engine files re-verified with `wc -l` — **all counts unchanged** from Run 3. Total Python: 401,992 LOC. Route decorators: 796 across 78 router files. Tests: 13,221.

### Artifacts Produced/Updated

| # | Artifact | Action | Pillar |
|---|----------|--------|--------|
| 1 | `enterprise-demo-talking-points.md` | Updated to v5.1 — added security hardening context (11 fixes, SA-001 remediation) | V3, V5, V7 |
| 2 | `content/email-pre-demo-enterprise.md` | **NEW** — 3 email variants (standard, short confirmation, security engineering audience) | V3, V5, V7 |
| 3 | `content/email-post-demo-followup.md` | **NEW** — 4 email variants (standard recap, design partner invitation, technical follow-up, brief recap) | V3, V5, V7 |
| 4 | `content/demo-video-script-5min.md` | Marked DONE (was complete but listed in-progress) | V3, V5, V7 |
| 5 | `positioning.md` | Updated to v5.1 with sprint confirmation | V3, V5, V7 |
| 6 | `investor-narrative.md` | Updated to v5.1 with sprint confirmation | V3, V5, V7 |
| 7 | `content-calendar.json` | Updated: 11/15 done (73.3%, up from 64.3%) | — |
| 8 | `marketing-head-status.md` | Updated with full Run 4 results | — |
| 9 | `decisions.log` | 4 decisions appended | — |
| 10 | `context_log.md` | Session entry appended | — |

### Content Pipeline Status
- **Total content pieces**: 15
- **Done**: 11 (73.3%)
- **Planned (Week 2)**: 4 — CTEM+ vs ASPM blog, Wiz-Google LinkedIn, MPTE Twitter thread, investor one-pager

### Key Decision
The **demo video script** was fully written but marked in-progress — promoted to DONE. Created **7 email template variants** spanning pre-demo customer outreach and post-demo follow-up, including a design partner invitation template — critical for converting the March 6 demo into a pilot engagement.
