All tasks from the continuation session are complete. Here's a summary of what was accomplished:

## Session 2 (Continuation) Results

### 1. ✅ Brain Pipeline E2E Validation — FIXED BUG
- **Found**: `StepResult.output` is the correct attribute (not `.result`)
- **Bug fixed**: `PipelineResult.avg_risk_score` and `critical_cases` were **never populated** — always returned 0.0 despite Step 7 correctly computing scores. Added two lines to propagate from `ctx["risk_scores"]`.
- **Verified**: Model version `ml-gbt-v2.1.0` correctly propagates through the full pipeline.

### 2. ✅ SHAP Explanation Tests — 25 New Tests
| Test Class | Tests | Coverage |
|-----------|-------|----------|
| `TestExplainPrediction` | 19 | Core SHAP: feature sorting, narrative, serialization, contributions additivity |
| `TestExplainFallback` | 3 | Untrained model fallback with base_value=50 |
| `TestExplainEdgeCases` | 3 | Empty input, extreme values, CVE ID in narrative |

### 3. ✅ Full Test Suite — 306 Passed, 0 Failed
- **Up from 281** (+25 SHAP tests)
- **All green** in 57.32s
- Breakdown: 67 risk scorer + 21 anomaly + 24 consensus + 29 threat enricher + 38 autofix + 54 autofix engine + 73 brain pipeline

### 4. ✅ SHAP Integration Verified
Example output for CVE-2024-43468 (CVSS 9.8, EPSS 0.85, KEV, weaponized):
```
Score: 96.1/100 (P0, critical)
Top Drivers:
  asset_criticality: +11.07 pts (59.4% model weight)
  epss_score:        +7.93 pts (31.5% model weight)
  network_exposure:  +3.75 pts (3.2% model weight)
Narrative: "CVE-2024-43468 scored 96.1/100 (P0, critical risk). 
           Key risk drivers: high asset criticality (1.00), 
           high exploit probability (EPSS=0.8500), 
           'internet' network exposure."
```

### Year 1 ML Roadmap Progress
- ~~1. Wire autofix_confidence~~ ✅
- ~~2. SHAP explanations~~ ✅ (integrated in brain pipeline Step 7)
- 3. GNN for attack-path analysis ← **NEXT**
- 4. Online learning pipeline
- 5. Wire anomaly alerts to EventBus
