**272 tests passed, zero failures.** Full hardening suite verified green.

---

## ✅ Backend Hardener — Session Complete

### Summary of Iteration 1 (2026-03-02)

**12 security fixes** applied across 9 files, **45 new tests** written, **272 total hardening tests** all passing:

| # | Severity | File | Fix |
|---|----------|------|-----|
| 1 | CRITICAL | `bulk_router.py` | Path traversal on `/exports/{filename}` — 3-layer defense |
| 2 | CRITICAL | `mcp_router.py` | Path parameter injection — regex + length + `..` validation |
| 3 | HIGH | `bulk_router.py` | Status enum validation + max_length on all fields |
| 4 | HIGH | `audit_router.py` | CEF format injection — `_sanitize_cef_field()` |
| 5 | HIGH | `workflows_router.py` | Field size limits (description 10K, steps 100, triggers 50KB) |
| 6 | HIGH | `policies_router.py` | Field size limits (description 10K, rules/metadata 100KB) |
| 7 | MEDIUM | `dast_router.py` | Header/cookie size limits (8192/value, 50 cookies max) |
| 8 | MEDIUM | `connectors_router.py` | Target name validation regex |

**V3 Decision Intelligence Enhancements:**
| # | Component | Enhancement |
|---|-----------|-------------|
| 9 | `brain_pipeline.py` | Progress tracking (current_step, progress_percent) |
| 10 | `brain_pipeline.py` | `get_progress()` API for lightweight UI polling |
| 11 | `brain_pipeline.py` | Graph step per-finding error isolation |
| 12 | `autofix_engine.py` | Safety validation expanded from 4 → 7 checks (path traversal, dangerous imports, patch size) |

**Artifacts updated:** `backend-hardener-status.md`, `decisions.log` (10 decisions), `context_log.md`, `metrics.json`, `MEMORY.md` (5 new lessons: #31-35)
