All tasks complete. Here's my **v26.0 Daily Mission Summary**:

---

## Context Engineer v26.0 — Mission Complete

### Scan Results (Sprint 2 Day 2 Evening)
**STABLE SCAN** — All core metrics unchanged from v25.0. Codebase has stabilized.

| Metric | Value | Delta from v25.0 |
|--------|-------|----------|
| Python files | 900 | 0 |
| Python LOC | 389,587 | +149 (scripts only) |
| Suite LOC | 192,105 | 0 |
| Endpoints | 759 | 0 (3rd consecutive) |
| Tests | 12,565 | 0 |
| Coverage | 19.22% | 0 |
| Moat clean scans | **20** | +1 |
| Sprint done | 11/12 | 0 |

### Key Actions Taken
1. **Fixed 8 stale LOC values** in `architecture-context.md` data flow diagram (dast 533→629, brain 1161→1354, secrets 845→850, container 410→445, cspm 586→593, parsers 1088→1206, autofix 1259→1416, sandbox 1029→1073)
2. **20th consecutive clean moat scan** — zero active honesty violations
3. All JSON outputs validated

### Artifacts Produced (6)
1. `codebase-map.json` — v26.0
2. `dependency-graph.json` — v26.0
3. `metrics.json` — updated LOC + CE agent stats
4. `architecture-context.md` — fixed 8 stale LOCs
5. `briefing-2026-03-02.md` — v26.0 evening edition
6. `context-engineer-status.md` — updated

### Sprint Status
- **11/12 done (91.7%)**. Only **DEMO-003** (UI wiring) remains
- 4 days to enterprise demo (2026-03-06)
- Codebase is in steady state — focus on DEMO-003 and polish
