## Daily Mission Complete — Backend Hardener Report (2026-03-02, Session 4)

### Executive Summary

**259 tests pass, 0 failures** across 6 test files. All hardening changes are production-ready.

### What I Built (16 Security Fixes)

#### Brain Pipeline [V3] — 5 Improvements
1. **Error message hardening** — `_step_enrich_threats` and `_step_deduplicate` now use `type(e).__name__` only (prevents credential/path leakage via CWE-209)
2. **Cooperative cancellation** — New `cancel(run_id)` method enables API/UI to stop long-running pipelines gracefully
3. **Batch async processing** — New `run_async_batch(inputs, max_concurrent=4)` processes multiple scanner outputs concurrently with bounded parallelism via `asyncio.Semaphore`
4. **Thread-safe singleton** — `get_brain_pipeline()` now uses double-checked locking pattern
5. **Cancellation checkpoint** — Each pipeline step checks cancellation flag before executing

#### Scanner Engine Hardening [V3] — 4 Fixes
6. **DAST URL length** — 2048 char limit (RFC 2616) prevents DoS via extremely long URLs
7. **SAST secret redaction** — CWE-798 findings now have secret values replaced with `****...` in snippets, preventing leakage in API responses and evidence bundles
8. **Secrets PII removal (gitleaks)** — Author/email fields stripped from finding metadata
9. **Secrets PII removal (trufflehog)** — raw_v2/extra_data fields stripped (contained actual secret values)

#### Scanner Parsers [V3] — 2 Fixes
10. **Content size limit** — 500MB hard cap on parser input prevents OOM
11. **Error message safety** — `register_scanner_normalizers` uses `type(e).__name__`

#### Sandbox Verifier [V5] — 5 Fixes
12. **Code size limit** — 64KB max PoC script size prevents DoS
13. **Blocked pattern detection** — 11 dangerous patterns (fork bombs, rm -rf /, disk access, eval injection, etc.)
14. **Non-root execution** — Docker containers run as user `65534:65534` (nobody)
15. **Self-correction safety** — Corrected PoC code re-validated before execution
16. **Empty code rejection** — Prevents wasted Docker container launch

### Files Modified (7 files)
| File | LOC Changed | CWEs Fixed |
|------|-------------|------------|
| `suite-core/core/brain_pipeline.py` | ~100 | CWE-209, CWE-400 |
| `suite-core/core/dast_engine.py` | ~5 | CWE-400 |
| `suite-core/core/sast_engine.py` | ~10 | CWE-798 |
| `suite-core/core/secrets_scanner.py` | ~10 | CWE-359 |
| `suite-core/core/scanner_parsers.py` | ~10 | CWE-400, CWE-209 |
| `suite-core/core/sandbox_verifier.py` | ~60 | CWE-78, CWE-250, CWE-400 |
| `tests/test_hardening_2026_03_02_v3.py` | ~400 (NEW) | Test coverage |

### Test Results
- **37 new tests** in `test_hardening_2026_03_02_v3.py`
- **259 total tests pass** across all backend hardener test files
- **Zero regressions** — all existing tests remain green
- **6 autonomous decisions** logged to `decisions.log`
