## Daily Mission Summary — Enterprise Architect (2026-03-02)

### ✅ All 10 tasks completed. Zero failures. Zero regressions.

**Production code changes (2 files):**

| File | Change | Impact |
|------|--------|--------|
| `suite-core/core/scanner_parsers.py` | Fixed 7 normalizer bugs | 129 tests now pass (was 84/91) |
| `suite-api/apps/api/ingestion.py` | `_map_severity` unknown→MEDIUM | Safer triage default |

**Architecture artifacts updated (6 files):**
- Quality report, ADR-006, tech debt tracker, brain pipeline review, status, context log

**Key results:**
1. **8 scanner parser bugs fixed** — All 15 parsers working, including 5 enterprise-critical (Checkmarx, SonarQube, Snyk, Fortify, Veracode)
2. **348 tests verified** — 129 scanner + 146 brain pipeline + 73 self-learning = all pass
3. **0 HIGH bandit issues** in core engine files
4. **Brain Pipeline memory leak** confirmed FIXED (eviction at 1000 runs)
5. **Connector count: 32 total** (7 outbound + 10 security + 15 inbound) — up from 7
6. **Sprint 2: 9/12 done** — 3 P0 blockers remain (DEMO-001/002/003, owned by backend-hardener/qa-engineer/frontend-craftsman)

**Risk assessment for demo (Mar 6):**
- DEMO-001 (broken endpoints) is the **critical path** — blocks Postman and UI wiring
- Architecture layer is **GREEN** — no architectural blockers for demo
- All 12 steps of Brain Pipeline operational
- Scanner ingest → Brain Pipeline → Scoring → Evidence chain fully functional
