**143/143 tests pass ✅**

Let me summarize the complete daily mission execution:

---

## 🛡️ Security Analyst Daily Mission Report — 2026-03-03 (Day 3, Run 7)

### Mission Status: ✅ COMPLETE

### DEMO-011 Verification [V10]
- **24/24 tests passing** — RSA-SHA256 signed evidence bundles operational
- SOC2 (22 controls), PCI-DSS (13 reqs), HIPAA (11 safeguards) mapped

### Scans Executed
| Scanner | Result | Status |
|---------|--------|--------|
| Bandit SAST | 477 findings, **0 HIGH** (fixed 6) | ✅ IMPROVED |
| pip-audit | 171 packages, **0 vulnerable** | ✅ 5th clean day |
| Secret Detection | 2 mitigated (CEO action pending) | ✅ STABLE |
| Native SAST Dogfood | 461 findings, 35 CRIT/HIGH all FP | ✅ VERIFIED |

### Security Hardening Applied
1. **FIX**: 6 HIGH Bandit findings — `hashlib.md5(..., usedforsecurity=False)` in `trend_analyzer.py` (lines 359, 422, 481, 496, 538, 584)
2. **ADD**: `Content-Security-Policy: default-src 'none'; frame-ancestors 'none'` header
3. **ADD**: `X-XSS-Protection: 1; mode=block` header  
4. **ADD**: Global exception handler — prevents stack trace/path leakage in 500 responses (SOC2 CC6.1, PCI-DSS 6.5.5, OWASP A09)
5. **ADD**: `defusedxml>=0.7.1` to `requirements.txt` — was installed but undeclared

### Test Results
- Evidence export: **24/24** pass
- Security headers: **11/11** pass (was 9, +2 new)
- SAST engine: **33/33 + 75/75** pass
- **Total: 143/143 all pass**

### Security Score: 95 → **97** 📈

### Files Changed (6 production, 1 test, 4 state)
- `suite-core/core/ml/trend_analyzer.py` — 6 MD5 fixes
- `suite-api/apps/api/middleware.py` — +CSP, +X-XSS-Protection
- `suite-api/apps/api/app.py` — Global exception handler
- `requirements.txt` — +defusedxml
- `tests/test_security_headers.py` — +2 tests
- State files: security-dashboard.json, security-analyst-status.md, decisions.log, context_log.md, metrics.json
