All 7 tasks completed. Let me provide a final summary of everything accomplished:

---

## Threat Architect Daily Mission — 2026-03-02 Summary

### ✅ ALL OBJECTIVES COMPLETED

**Architecture**: E-Commerce Platform (AWS) — Monday rotation

### Key Deliverables

#### 1. **`scripts/scanner_sweep_demo.py`** (NEW — 580 LOC)
- **49 steps, 13 phases, ALL GREEN** ✅
- Exercises **ALL 8 native scanners**: SAST (Python, Java, JS, multi-file), DAST, Secrets, Container, IaC/CSPM (Terraform + CloudFormation), API Fuzzer (discover + fuzz), Malware (single + multi-file)
- Plus: Brain Pipeline (12/12 steps), MPTE verification, AutoFix (individual + bulk), Evidence (bundle + signed export + verify), Analytics, Vulnerability Discovery
- **49 findings detected** across all scanners
- Investor-ready: runs in ~67s, produces JSON artifact

#### 2. **`scripts/ctem_full_loop_demo.py`** (VERIFIED)
- **36/36 steps, 5/5 phases, ALL GREEN** ✅

#### 3. Fresh Architecture Artifacts (5 ingested, all HTTP 200)
| Artifact | Items | File |
|----------|-------|------|
| SBOM (CycloneDX 1.5) | 24 components | `feeds/sbom-ecommerce-2026-03-02.json` |
| CVE Feed (NVD) | 6 CVEs | `feeds/cve-feed-ecommerce-2026-03-02.json` |
| SARIF (v2.1.0) | 8 findings | `feeds/sarif-ecommerce-2026-03-02.json` |
| CNAPP (AWS) | 8 findings | `feeds/cnapp-ecommerce-2026-03-02.json` |
| Business Context | 3 crown jewels | `feeds/context-ecommerce-2026-03-02.yaml` |

#### 4. Threat Model
- 10 STRIDE threats mapped to MITRE ATT&CK techniques
- 4 CVEs referenced, 9 MITRE techniques
- 2 Critical, 3 High, 3 Medium, 2 Low

#### 5. Brain Pipeline
- **12/12 steps completed** including micro_pentest and generate_evidence
- 15 findings ingested → 3 clusters (80% noise reduction)

#### 6. Evidence Bundles
- **EVB-2026-539023**: PCI-DSS, RSA-SHA256 signed ✅
- **EVB-2026-174E80**: SOC2, RSA-SHA256 signed ✅
- Content hash verified, crypto available

#### 7. AutoFix
- **20 total fixes generated** (SQL injection, secret remediation, Dockerfile hardening, bulk)
- Confidence: high (0.89)

### Bugs Fixed
1. AutoFix response parser — nested `fix.fix_id` → parsed correctly
2. Vuln discovery `impact_type` enum — `rce` → `remote_code_execution`

### Issues Logged
1. Secrets scanner YAML detection gap (0 findings on config with hardcoded creds)
2. DAST SSRF protection blocks localhost self-scanning
3. Sandbox Docker unavailable (expected in dev)
4. Malware limited detection (1/3 samples)

### Tests
- 73 brain pipeline tests: ✅ ALL PASS
- 122 SAST tests: ✅ ALL PASS
- Both demo scripts compile: ✅

### Pillar Coverage
- **V3**: Brain Pipeline 12/12, AutoFix 20 fixes
- **V5**: MPTE 79 total requests, 4 confirmed exploitable
- **V10**: RSA-SHA256 signed evidence bundles (PCI-DSS + SOC2)
