## ✅ DEMO-008 Complete — All Deliverables Verified

Here's the final status of all deliverables:

### `docs/API_REFERENCE.md` v4.0
- **2,420 lines**, **781 verified endpoints**, **45 curl examples**
- **3-step quickstart guide** (Start → Authenticate → First Scan)
- **CTEM lifecycle grouping**: Discover (134) → Validate (97) → Remediate (78) → Comply (57) → Intelligence (234) → Platform (142) → Vision (39)
- **Appendix A** fully reconciled to grep-verified counts (134+97+78+57+234+142+39 = **781** ✓)
- **17 major sections** + 4 appendices (Endpoint Count, Env Vars, Scanner Formats, Security Hardening)

### Supporting Docs (all updated to 781)
| Document | Lines | Count refs |
|----------|-------|------------|
| `README.md` | 1,074 | 6× "781" |
| `docs/INVESTOR_BRIEF.md` | 323 | 9× "781" |
| `docs/USER_GUIDE.md` | 1,022 | 4× "781" |
| `docs/ARCHITECTURE.md` | 304 | 3× "781" |
| `CHANGELOG.md` | — | Day 3 section added |

### Logs & State
- `context_log.md` — ✅ Session logged
- `decisions.log` — ✅ 3 decisions recorded (endpoint count, section expansion, appendix reconciliation)
- `technical-writer-status.md` — ✅ Complete with verification method

All deliverables are production-ready for the enterprise demo on 2026-03-06.
