**73 tests passed in 7.31s.** All green.

---

## DEMO-012 Completion Summary

### What Was Built

| Artifact | LOC | Purpose |
|----------|-----|---------|
| `suite-core/core/self_learning.py` | 1,363 (+531) | Enhanced engine: `score_with_learning()`, `compute_adjustments()`, `seed_demo_data()`, `reset_learning()`, `get_all_weights()`, `get_metrics_trends()` |
| `suite-core/api/self_learning_router.py` | 551 (+310) | 7 new endpoints for demo flow |
| `tests/test_self_learning_demo.py` | 477 (new) | 31 tests covering all new features |
| `scripts/demo_self_learning.py` | 339 (new) | Interactive 9-step demo with ANSI colors |
| ADR-005 | — | Architecture decision record |
| Architecture review | — | Security/perf/reliability analysis |
| **Total new code** | **~1,300 LOC** | **73 tests all GREEN** |

### 18 API Endpoints (All LIVE)

**Existing (11):** status, 5x feedback recording, analyze, analyze/{loop}, insights, suppressed-rules

**New for demo (7):**
1. `POST /score-with-learning` — Score with before/after learning comparison
2. `POST /compute-adjustments` — Run the learning step (feedback → weights)
3. `GET /weights` — View all 11 learned weights
4. `PUT /weights/{key}` — Manually set a weight
5. `GET /metrics/trends` — Learning improvement over time
6. `POST /demo/seed` — Seed 98 realistic feedback records
7. `GET /demo/full-loop` — Complete demo in one call

### Demo Proof

```
Baseline score: 0.3525 (no learning data)
After seeding 98 records + computing 11 adjustments:
Adjusted score: 0.3349
Delta: -5.0% risk reduction
  → ZAP scanner's high FP rate (65%) detected → weight reduced to 0.84
  → bandit accuracy low (88%) → weight reduced
  → MANUAL fix type only 71.4% effective → de-prioritized
  → Policy strictness relaxed → 95% of baseline
```

### Sprint Board Updated
- DEMO-012: `todo` → `done`
- Sprint velocity: 1 → 2 (2/12 items complete)
- Decisions log: 3 entries appended
- Context log: Entry appended
- Metrics: Updated with enterprise-architect run data
