All tasks complete. Here's the session summary:

## Session Complete — All 8 Tasks Done ✅

### What was accomplished:

1. **Dashboard.tsx — CTEM+ Identity** ✅
   - Verified `ScannerMiniGrid` (8 native scanners with live API status) and `DeploymentBadge` (Air-Gapped/Cloud mode) are fully wired into the layout

2. **CEODashboard UX Polish** ✅
   - Added adaptive executive summary banner (red for criticals, amber for high count, green for on-track, blue default)
   - Added CTEM+ badge to header alongside Live badge
   - Added full-page loading skeleton (score rings, KPI cards, severity bars)

3. **NerveCenter Mission Control Polish** ✅
   - Replaced spinner loading with structural skeleton matching the real layout
   - Added empty states for suite grid, data flows, and auto-remediation sections
   - Added glass-card backdrop-blur styling and hover scale animations
   - Cleaned up unused `Loader2` import

4. **Loading Skeletons** ✅
   - Replaced "Loading..." text in `ContainerSecurity.tsx`, `RuntimeProtection.tsx`, and `SLSAProvenance.tsx` with animated skeleton cards

### Build Status:
- **TypeScript errors:** 0
- **Production build:** 2.31s ✅
- **All pages compile and bundle correctly**
