All 11 artifacts verified and consistent. Here's the **Scrum Master Daily Mission Summary**:

---

## 📊 Sprint 2 — Day 2 Final Verified Report

### Executive Summary
**11/12 items DONE (91.7%)** after 2 days of a 5-day enterprise demo sprint. Only **DEMO-003** (UI wiring — 6 pages with mock data) remains. All 17 agents completed Day 2 runs with GREEN health. API layer is **production-grade**.

### Key Numbers (Verified)
| Metric | Value | Status |
|--------|-------|--------|
| Sprint Progress | 11/12 (91.7%) | ✅ |
| API Endpoints Verified | 20/20 HTTP 200 | ✅ |
| Newman Assertions | 475/475 (8th green) | ✅ |
| Moat Coverage | 88.95% (17/19 above 80%) | ✅ |
| Quality Gate | PASS | ✅ |
| Vision Alignment | 0.83 | ✅ |
| Funding Readiness | 78% | 🟡 |
| Agent Health | 17/17 GREEN | ✅ |
| Demo Scripts | 6 operational | ✅ |
| Days to Demo | 4 | ✅ |

### Artifacts Produced (Run 3)
1. ✅ `standup-2026-03-02.md` — Day 2 Final Verified
2. ✅ `daily-demo-2026-03-02.md` — Demo report with 10 demo-able features
3. ✅ `demo-2026-03-02.md` — 5-minute walkthrough script with curl commands
4. ✅ `debate-summary-2026-03-02.md` — DEBATE-001 resolved, SEC-ADV-001 tracked
5. ✅ `coordination-notes-day3.md` — Instructions for all 17 agents
6. ✅ `sprint-board.json` — Burndown updated
7. ✅ `metrics.json` — Timestamp updated
8. ✅ `scrum-master-status.md` — Run 3 complete
9. ✅ `decisions.log` — 1 decision appended
10. ✅ `context_log.md` — Session logged
11. ✅ `MEMORY.md` — Agent memory updated

### Day 3 Priority
**DEMO-003** is the single remaining item. Frontend-craftsman has clear page-by-page instructions with verified backend endpoints in `coordination-notes-day3.md`. 4 days remain — sprint completion is on track. [V3, V5, V7, V10]
