All primary mission objectives are complete. Here's a summary of everything produced:

## Marketing Head Daily Mission — 2026-03-02 Summary

### Artifacts Produced (8 files created/updated)

| # | Artifact | Version | Status |
|---|----------|---------|--------|
| 1 | **Enterprise Demo Talking Points** | v4.0 | ✅ Rewritten — 9 differentiators, corrected LOC, demo scripts, objection handling |
| 2 | **Positioning** | v4.0 | ✅ Updated — corrected scanner parser LOC, added Switzerland angle |
| 3 | **Investor Narrative** | v4.0 | ✅ Updated — corrected parser LOC (3,331), codebase (372,501) |
| 4 | **Enterprise Product One-Pager** | NEW | ✅ Customer-facing formal one-pager with ROI table |
| 5 | **5-Minute Demo Video Script** | NEW | ✅ 5-act narrated script matching CTEM lifecycle |
| 6 | **Content Calendar** | Updated | ✅ 6/12 done (50% on Day 2) |
| 7 | **Status Report** | Current | ✅ Full status with verified LOC table |
| 8 | **Agent Memory** | Updated | ✅ Corrected ingestion.py location bug |

### Key Correction Made
- **Scanner parser LOC was incorrect** in v3.0 docs: cited as "1,088+" but actual is **3,331 LOC** (`scanner_parsers.py` 1,217 + `ingestion.py` 2,114)
- **`ingestion.py` is at `suite-api/apps/api/`**, NOT `suite-core/core/` — the latter doesn't exist
- All marketing materials now cite correct, verified numbers

### Verified Numbers (for reference)
- 372,501 LOC total Python | 796 route decorators | 78 router files | 10,356 tests
- Brain Pipeline: 1,354 LOC | AutoFix: 1,418 LOC | MPTE: 3,143 LOC (core + advanced)
- 25+ scanner formats: 15 tool-specific + 10 standard format parsers = 3,331 LOC
- 8 native scanners: 4,694+ LOC | 17 connectors (10 security + 7 workflow)

### Logged
- 3 decisions in `decisions.log`
- Session entry in `context_log.md`
- Pillars served: V3, V5, V7
