**462 tests pass, 0 failures.** ✅

## Summary of Today's Backend Hardening Session (2026-03-03)

### Mission: Tuesday Auth & Authorization Hardening + MOAT P1 Brain Pipeline

**Results: 462 tests pass, 0 failures, 0 regressions, 103 new tests written**

### Security Hardening Completed (51 individual fixes):

| # | Category | Pillar | Files | Description |
|---|----------|--------|-------|-------------|
| 1 | **JWT Secret Strength** | V3 | app.py | Reject weak secrets <32 chars; "demo-secret" now generates ephemeral |
| 2 | **Auth Brute-Force Protection** | V3 | app.py | 20 failures/5min per IP → HTTP 429 |
| 3 | **Token Decode Hardening** | V3 | app.py | Max 4096 bytes, `iat` required, `nbf` validated |
| 4 | **MPTE SSRF Protection** | V5 | mpte_router.py | Block RFC1918, localhost, metadata, IPv6 internal |
| 5 | **MPTE Input Validation** | V5 | mpte_router.py | 10 Pydantic models with field_validators, length limits |
| 6 | **MPTE Concurrent Scan Limits** | V5 | mpte_router.py | Max 10 concurrent scans, 429 when at capacity |
| 7 | **f-string Logging Elimination** | V3/V5 | 9 files | 26 instances converted to %s lazy format |
| 8 | **Error Message Safety** | V5 | 5 files | `type(e).__name__` only, no `str(e)` in responses |
| 9 | **Brain Pipeline Graph Optimization** | V3 | brain_pipeline.py | 3-phase O(n) with timing metrics |
| 10 | **Brain Pipeline Step Metrics** | V3 | brain_pipeline.py | `findings_in`/`findings_out` per step |
| 11 | **Brain Pipeline Local Dedup** | V3 | brain_pipeline.py | O(n) dict-keyed fallback |
| 12 | **Security Advisory Response** | V3 | debate SA-001 | JWT remediation confirmed complete |

### Files Modified: 14 | Files Created: 3 | Tests Written: 103
