## Day 3 Session 2 — Backend Hardener Mission Complete

### Summary of Changes

**3 files hardened, 1 test file created, 0 regressions:**

#### 1. Brain Pipeline Debug Logger Safety (brain_pipeline.py)
- Fixed 5 debug loggers from `str(e)` → `type(e).__name__` at lines 638, 1103, 1151, 1600, 1638
- Prevents accidental exposure of API keys, DB credentials, or file paths in debug logs

#### 2. Scanner Parsers Logging (scanner_parsers.py)  
- Converted 3 f-string loggers to `%s` format (lines 1115, 1181, 1223)
- Enables lazy evaluation and proper log level filtering

#### 3. Sandbox Verifier Template Injection Prevention (sandbox_verifier.py)
- **Critical fix**: Added `_sanitize_template_str()` static method
- Strips shell metacharacters (`" ' ; ` $ ( ) { } \n \r`) from user-controlled inputs before embedding in PoC code templates
- Applied to all 3 user-controlled inputs in `_generate_basic_poc()`: cve_id, title, target_url
- Prevents code/shell injection via crafted CVE IDs or target URLs

#### 4. Comprehensive Test Coverage (test_hardening_2026_03_02_day3_v2.py)
- **58 new tests** across 15 test classes covering:
  - Scanner parser crash resilience (11 tests — malformed XML, JSON, XXE, billion-laughs)
  - Sandbox template injection prevention (8 tests)
  - Sandbox blocked patterns (7 tests — fork bomb, rm -rf, eval, disk access)
  - Sandbox self-correction whitelisting (4 tests)
  - Brain pipeline & scanner parser logger safety (3 tests)
  - Pipeline constants and singleton (9 tests)
  - Scanner auto-detection (4 tests)
  - Verification result serialization (5 tests)

### Verification
- **359 backend-hardener owned tests**: ✅ ALL PASS
- **58 new tests**: ✅ ALL PASS  
- **E2E**: ✅ 58/58 (100%)
- **Bandit**: ✅ 0 HIGH findings
- **No regressions**
