All tasks complete. Here's a summary of what was accomplished in this session:

## Session 6 — Day 5 Polish Sprint Complete ✅

### Major Work Items

1. **AlgorithmicLab.tsx Complete Rewrite** (V3 Decision Intelligence)
   - **Before:** 118 LOC stub with broken `api.ai.labs.monteCarloQuantify` API pattern, raw HTML `<button>` and `<input>` elements, no dark mode, no loading states
   - **After:** 330+ LOC production page with:
     - Monte Carlo FAIR simulation (10K scenarios) via `/api/v1/predictions/risk-trajectory`
     - Causal Inference analysis via `/api/v1/predictions/attack-chain`
     - Financial risk metrics (Expected Loss, P95, P99, Median)
     - Attack chain visualization with probability badges
     - Root cause cards with confidence bars
     - Collapsible raw JSON views
     - Methodology info panel
     - Full shadcn/ui components, Framer Motion animations, dark mode

2. **Skeleton Loading Upgrades** (5 pages)
   - **EvidenceAnalytics.tsx** — Added full-page `AnalyticsSkeleton` component (was plain text "Loading trends...")
   - **MLDashboard.tsx** — Added 4-card Skeleton grid matching model card layout (was plain text "Loading models...")
   - **SLSAProvenance.tsx** — Converted `animate-pulse` divs to proper `Skeleton` components
   - **ContainerSecurity.tsx** — Converted `animate-pulse` divs to proper `Skeleton` components
   - **RuntimeProtection.tsx** — Converted `animate-pulse` divs to proper `Skeleton` components

3. **Toast Notification Additions** (2 pages)
   - **MLDashboard.tsx** — Model training now shows success/error toasts
   - **ContainerSecurity.tsx** — Container scans now show success/error toasts

### Build Stats
- **101 files**, **43,477 LOC** (+495 from previous session)
- **TypeScript:** 0 errors
- **Build:** 1.55s
- **Index bundle:** 209KB (64KB gzip)
- **DEMO-003:** 98% complete — all pages have proper loading, empty, and error states
