All 13 tasks complete. Here's the summary of my daily security mission:

---

## Security Analyst Daily Mission Report — 2026-03-02

### DEMO-011 Evidence Export [V10] ✅ VERIFIED
- **24/24 tests pass** — RSA-SHA256 PKCS1v15 signing works end-to-end
- POST `/api/v1/evidence/export`, POST `/api/v1/evidence/export/verify`, GET `/api/v1/evidence/export/status` all operational
- SOC2 (22 controls), PCI-DSS (13 reqs), HIPAA (11 safeguards) mapped and exportable

### Scans Executed
| Scan | Findings | HIGH/CRITICAL | Trend |
|------|----------|---------------|-------|
| Bandit SAST | 476 total | **0** | ↓ -18 from yesterday |
| pip-audit | **0 vulnerable** | **0** | ✅ Fixed 3 CVEs today |
| Secret detection | 2 mitigated | 0 active | ↓ Improved from CRITICAL |

### Security Fixes Applied Today
1. **cryptography** 46.0.4 → 46.0.5 (CVE-2026-26007) — critical for our crypto module
2. **pypdf** 6.7.1 → 6.7.4 (3 CVEs) — fixes for PDF parser security
3. **black** 23.7.0 → 26.1.0 (PYSEC-2024-48) — dev tool cleanup
4. **PersistentDict** table name validation — defense-in-depth against SQL injection
5. **requirements.txt** minimum version bumped for cryptography

### Artifacts Updated
- `compliance-matrix.json` — SOC2 86.4% (+4.6pp), PCI-DSS 84.6%, HIPAA 81.8%, OWASP 100%
- `security-dashboard.json` — full scan results, dependency fixes, trend data
- `threat-model.md` — comprehensive STRIDE analysis, 8 attack surfaces, risk heat map
- `decisions.log` — 5 decisions logged with rollback plans
- `context_log.md` — session entry appended

### Overall Security Posture: **IMPROVING** ↑
- 0 dependency vulnerabilities (was 3)
- 0 HIGH/CRITICAL bandit findings
- Secrets exposure downgraded CRITICAL → MEDIUM
- Docker hardened (non-root, .dockerignore, random tokens)
- 57/57 tests verified passing
