All 10 tasks complete. Here's the **Day 3 Threat Architect Mission Summary**:

---

## ✅ Mission Complete — Day 3 (2026-03-02, Session 2)

### Architecture v3 — Acme E-Commerce Platform (AWS)
- **35 components** (+75% from Day 2), **36 connections**, **6 trust boundaries**
- 10 microservices (Spring Boot, Node.js, FastAPI) + 3 Lambda functions
- Full PCI-CDE boundary with **10 in-scope components** + Stripe integration
- Full AWS stack: CloudFront → WAF → ALB → ECS Fargate → RDS → ElastiCache → OpenSearch → SQS/SNS/EventBridge → KMS/Secrets Manager

### Threat Model
- **18 STRIDE threats** with **18 MITRE ATT&CK techniques**
- **10 PCI-relevant threats** covering payment flows
- Top risks: Credential stuffing (16), Cart flood DDoS (16), Payment tampering (15)

### CTEM+ Full Loop Results

| Phase | Status | Metrics |
|-------|--------|---------|
| **DISCOVER** (Ingest 7 artifacts) | ✅ 7/7 | SBOM 42, CVE 12, SARIF 12, CNAPP 10, VEX 7, Context 5, Design 58 |
| **DISCOVER** (Native scanners) | ✅ 6/7 | SAST 1, Secrets 4, Container 6, CSPM 4, DAST 8 = 23 findings |
| **VALIDATE** (Brain Pipeline) | ✅ 12/12 | 91.7% noise reduction, 1028 nodes, 1204 edges |
| **VALIDATE** (MPTE) | ✅ 201 | Comprehensive + CVE-2024-22259 verification |
| **REMEDIATE** (AutoFix) | ✅ 6 fixes | 86.2% avg confidence, validation PASS |
| **COMPLY** (Evidence) | ✅ Signed | SHA256 bundle, RSA-SHA256 export, SOC2 22 controls |

### Regression Tests
- `ctem_architecture_regression.py`: **67/67 (100%)**
- `enterprise_e2e_test.py`: **22/22 sections passed**

### Pillars Served
- **[V3]** Decision Intelligence: Brain Pipeline, AutoFix
- **[V5]** MPTE Verification: Comprehensive + CVE verify
- **[V10]** CTEM Full Loop: Evidence, compliance
