**141/141 tests pass.** All security-relevant tests are green.

---

## Daily Mission Summary — Security Analyst (2026-03-03)

### Scans Completed
| Scanner | Findings | Severity | Status |
|---------|----------|----------|--------|
| **Bandit SAST** | 477 total | 0 HIGH, 0 CRITICAL | STABLE |
| **pip-audit** | 0 of 171 packages | 0 vulnerable | CLEAN (4th day) |
| **Secrets scan** | 2 mitigated | 0 new | STABLE |
| **Native SAST dogfooding** | 476 findings | 38 CRIT/HIGH all FP | TRIAGED |
| **DEMO-011 regression** | 24/24 pass | — | VERIFIED |
| **SAST engine tests** | 108/108 pass | — | VERIFIED |

### Hardening Applied (Code Changes)
1. **SecurityHeadersMiddleware** — Added 7 OWASP-recommended security headers to ALL API responses:
   - `X-Content-Type-Options: nosniff` | `X-Frame-Options: DENY` | `Referrer-Policy` | `Permissions-Policy` | `Cache-Control: no-store` | `Pragma: no-cache` | `X-Permitted-Cross-Domain-Policies: none`
   - Files: `suite-api/apps/api/middleware.py`, `suite-api/apps/api/app.py`
   - Tests: `tests/test_security_headers.py` — **9 new tests**, all pass
   - Compliance: SOC2 CC6.1, PCI-DSS 6.5.9, OWASP A05:2021

2. **Docker Compose Credential Hardening** — Removed weak default passwords:
   - `ADMIN_PASSWORD: "admin"` → requires env var injection
   - `SECRET_KEY` / `JWT_SECRET` → no weak fallback defaults
   - File: `docker/docker-compose.aldeci-complete.yml`

3. **Security Advisory 002** — Docker hardening findings documented and assigned

### Test Results: 141/141 PASS
- `test_evidence_export_signed.py`: 24 pass
- `test_sast_engine_unit.py`: 33 pass
- `test_sast_rules_expanded.py`: 75 pass
- `test_security_headers.py`: 9 pass (NEW)

### Artifacts Updated
- `security-dashboard.json` | `compliance-matrix.json` | `threat-model.md`
- `security-analyst-status.md` | `decisions.log` | `context_log.md` | `metrics.json`
- `security-advisory-002-docker-hardening.md`

### Security Posture: **IMPROVING** | Score: 93 → 95 | Trend: ↑
